mode: set
github.com/MollenAR/internOzonFintech/internal/middleware/errorHandler/errHandler.go:15.46,18.9 2 0
github.com/MollenAR/internOzonFintech/internal/middleware/errorHandler/errHandler.go:42.2,44.20 3 0
github.com/MollenAR/internOzonFintech/internal/middleware/errorHandler/errHandler.go:19.54,21.34 2 0
github.com/MollenAR/internOzonFintech/internal/middleware/errorHandler/errHandler.go:23.51,25.51 2 0
github.com/MollenAR/internOzonFintech/internal/middleware/errorHandler/errHandler.go:27.57,29.51 2 0
github.com/MollenAR/internOzonFintech/internal/middleware/errorHandler/errHandler.go:31.54,33.40 2 0
github.com/MollenAR/internOzonFintech/internal/middleware/errorHandler/errHandler.go:35.10,37.51 2 0
github.com/MollenAR/internOzonFintech/internal/middleware/errorHandler/errHandler.go:44.20,46.3 1 0
github.com/MollenAR/internOzonFintech/internal/shortUrl/handler/shortUrlHandler.go:16.78,20.2 1 0
github.com/MollenAR/internOzonFintech/internal/shortUrl/handler/shortUrlHandler.go:22.76,25.16 3 0
github.com/MollenAR/internOzonFintech/internal/shortUrl/handler/shortUrlHandler.go:31.2,32.16 2 0
github.com/MollenAR/internOzonFintech/internal/shortUrl/handler/shortUrlHandler.go:38.2,41.16 3 0
github.com/MollenAR/internOzonFintech/internal/shortUrl/handler/shortUrlHandler.go:45.2,45.40 1 0
github.com/MollenAR/internOzonFintech/internal/shortUrl/handler/shortUrlHandler.go:25.16,29.3 1 0
github.com/MollenAR/internOzonFintech/internal/shortUrl/handler/shortUrlHandler.go:32.16,36.3 1 0
github.com/MollenAR/internOzonFintech/internal/shortUrl/handler/shortUrlHandler.go:41.16,43.3 1 0
github.com/MollenAR/internOzonFintech/internal/shortUrl/handler/shortUrlHandler.go:48.75,52.16 3 0
github.com/MollenAR/internOzonFintech/internal/shortUrl/handler/shortUrlHandler.go:58.2,61.16 3 0
github.com/MollenAR/internOzonFintech/internal/shortUrl/handler/shortUrlHandler.go:65.2,65.40 1 0
github.com/MollenAR/internOzonFintech/internal/shortUrl/handler/shortUrlHandler.go:52.16,56.3 1 0
github.com/MollenAR/internOzonFintech/internal/shortUrl/handler/shortUrlHandler.go:61.16,63.3 1 0
github.com/MollenAR/internOzonFintech/internal/middleware/addId/addId.go:8.52,9.36 1 0
github.com/MollenAR/internOzonFintech/internal/middleware/addId/addId.go:9.36,12.3 2 0
github.com/MollenAR/internOzonFintech/internal/shortUrl/repository/postgreSQL/shortUrlRepo.go:20.56,24.2 1 1
github.com/MollenAR/internOzonFintech/internal/shortUrl/repository/postgreSQL/shortUrlRepo.go:26.109,31.39 4 1
github.com/MollenAR/internOzonFintech/internal/shortUrl/repository/postgreSQL/shortUrlRepo.go:37.2,37.20 1 1
github.com/MollenAR/internOzonFintech/internal/shortUrl/repository/postgreSQL/shortUrlRepo.go:41.2,42.16 2 1
github.com/MollenAR/internOzonFintech/internal/shortUrl/repository/postgreSQL/shortUrlRepo.go:48.2,51.16 3 1
github.com/MollenAR/internOzonFintech/internal/shortUrl/repository/postgreSQL/shortUrlRepo.go:57.2,57.22 1 1
github.com/MollenAR/internOzonFintech/internal/shortUrl/repository/postgreSQL/shortUrlRepo.go:31.39,35.3 1 0
github.com/MollenAR/internOzonFintech/internal/shortUrl/repository/postgreSQL/shortUrlRepo.go:37.20,39.3 1 1
github.com/MollenAR/internOzonFintech/internal/shortUrl/repository/postgreSQL/shortUrlRepo.go:42.16,46.3 1 0
github.com/MollenAR/internOzonFintech/internal/shortUrl/repository/postgreSQL/shortUrlRepo.go:51.16,55.3 1 0
github.com/MollenAR/internOzonFintech/internal/shortUrl/repository/postgreSQL/shortUrlRepo.go:60.105,65.16 4 1
github.com/MollenAR/internOzonFintech/internal/shortUrl/repository/postgreSQL/shortUrlRepo.go:71.2,71.25 1 1
github.com/MollenAR/internOzonFintech/internal/shortUrl/repository/postgreSQL/shortUrlRepo.go:65.16,69.3 1 1
github.com/MollenAR/internOzonFintech/internal/shortUrl/usecase/shortUrlUsecase.go:14.83,18.2 1 0
github.com/MollenAR/internOzonFintech/internal/shortUrl/usecase/shortUrlUsecase.go:20.134,22.16 2 0
github.com/MollenAR/internOzonFintech/internal/shortUrl/usecase/shortUrlUsecase.go:26.2,31.22 2 0
github.com/MollenAR/internOzonFintech/internal/shortUrl/usecase/shortUrlUsecase.go:22.16,24.3 1 0
github.com/MollenAR/internOzonFintech/internal/shortUrl/usecase/shortUrlUsecase.go:34.129,36.16 2 0
github.com/MollenAR/internOzonFintech/internal/shortUrl/usecase/shortUrlUsecase.go:40.2,45.22 2 0
github.com/MollenAR/internOzonFintech/internal/shortUrl/usecase/shortUrlUsecase.go:36.16,38.3 1 0
github.com/MollenAR/internOzonFintech/configs/config.go:10.39,16.16 5 0
github.com/MollenAR/internOzonFintech/configs/config.go:20.2,26.118 6 0
github.com/MollenAR/internOzonFintech/configs/config.go:16.16,18.3 1 0
github.com/MollenAR/internOzonFintech/configs/config.go:29.43,38.16 7 0
github.com/MollenAR/internOzonFintech/configs/config.go:42.2,43.9 2 0
github.com/MollenAR/internOzonFintech/configs/config.go:50.2,51.43 2 0
github.com/MollenAR/internOzonFintech/configs/config.go:38.16,40.3 1 0
github.com/MollenAR/internOzonFintech/configs/config.go:44.30,45.50 1 0
github.com/MollenAR/internOzonFintech/configs/config.go:46.10,47.45 1 0
github.com/MollenAR/internOzonFintech/configs/config.go:54.56,60.16 5 0
github.com/MollenAR/internOzonFintech/configs/config.go:64.2,67.30 4 0
github.com/MollenAR/internOzonFintech/configs/config.go:60.16,62.3 1 0
github.com/MollenAR/internOzonFintech/cmd/main.go:14.13,16.16 2 0
github.com/MollenAR/internOzonFintech/cmd/main.go:20.2,22.9 2 0
github.com/MollenAR/internOzonFintech/cmd/main.go:56.2,56.74 1 0
github.com/MollenAR/internOzonFintech/cmd/main.go:16.16,18.3 1 0
github.com/MollenAR/internOzonFintech/cmd/main.go:23.37,25.17 2 0
github.com/MollenAR/internOzonFintech/cmd/main.go:29.3,31.17 3 0
github.com/MollenAR/internOzonFintech/cmd/main.go:35.3,36.17 2 0
github.com/MollenAR/internOzonFintech/cmd/main.go:40.10,42.17 2 0
github.com/MollenAR/internOzonFintech/cmd/main.go:46.3,47.17 2 0
github.com/MollenAR/internOzonFintech/cmd/main.go:50.3,51.17 2 0
github.com/MollenAR/internOzonFintech/cmd/main.go:25.17,27.4 1 0
github.com/MollenAR/internOzonFintech/cmd/main.go:31.17,33.4 1 0
github.com/MollenAR/internOzonFintech/cmd/main.go:36.17,38.4 1 0
github.com/MollenAR/internOzonFintech/cmd/main.go:42.17,44.4 1 0
github.com/MollenAR/internOzonFintech/cmd/main.go:47.17,49.4 1 0
github.com/MollenAR/internOzonFintech/cmd/main.go:51.17,53.4 1 0
github.com/MollenAR/internOzonFintech/cmd/main.go:56.74,58.3 1 0
github.com/MollenAR/internOzonFintech/internal/tools/errorTypes/errorTypes.go:11.41,13.2 1 0
github.com/MollenAR/internOzonFintech/internal/tools/errorTypes/errorTypes.go:21.44,23.2 1 0
github.com/MollenAR/internOzonFintech/internal/tools/errorTypes/errorTypes.go:31.41,33.2 1 0
github.com/MollenAR/internOzonFintech/internal/tools/errorTypes/errorTypes.go:41.38,43.2 1 0
github.com/MollenAR/internOzonFintech/internal/tools/validation/validation.go:13.52,15.16 2 0
github.com/MollenAR/internOzonFintech/internal/tools/validation/validation.go:19.2,19.12 1 0
github.com/MollenAR/internOzonFintech/internal/tools/validation/validation.go:15.16,17.3 1 0
github.com/MollenAR/internOzonFintech/internal/tools/validation/validation.go:22.47,24.16 2 0
github.com/MollenAR/internOzonFintech/internal/tools/validation/validation.go:28.2,28.12 1 0
github.com/MollenAR/internOzonFintech/internal/tools/validation/validation.go:24.16,26.3 1 0
github.com/MollenAR/internOzonFintech/internal/shortUrl/repository/tarantool/shortUrlRepo.go:19.85,23.2 1 0
github.com/MollenAR/internOzonFintech/internal/shortUrl/repository/tarantool/shortUrlRepo.go:25.113,27.16 2 0
github.com/MollenAR/internOzonFintech/internal/shortUrl/repository/tarantool/shortUrlRepo.go:33.2,33.25 1 0
github.com/MollenAR/internOzonFintech/internal/shortUrl/repository/tarantool/shortUrlRepo.go:37.2,38.16 2 0
github.com/MollenAR/internOzonFintech/internal/shortUrl/repository/tarantool/shortUrlRepo.go:44.2,45.16 2 0
github.com/MollenAR/internOzonFintech/internal/shortUrl/repository/tarantool/shortUrlRepo.go:50.2,52.22 2 0
github.com/MollenAR/internOzonFintech/internal/shortUrl/repository/tarantool/shortUrlRepo.go:27.16,31.3 1 0
github.com/MollenAR/internOzonFintech/internal/shortUrl/repository/tarantool/shortUrlRepo.go:33.25,35.3 1 0
github.com/MollenAR/internOzonFintech/internal/shortUrl/repository/tarantool/shortUrlRepo.go:38.16,42.3 1 0
github.com/MollenAR/internOzonFintech/internal/shortUrl/repository/tarantool/shortUrlRepo.go:45.16,49.3 1 0
github.com/MollenAR/internOzonFintech/internal/shortUrl/repository/tarantool/shortUrlRepo.go:55.109,57.16 2 0
github.com/MollenAR/internOzonFintech/internal/shortUrl/repository/tarantool/shortUrlRepo.go:63.2,63.25 1 0
github.com/MollenAR/internOzonFintech/internal/shortUrl/repository/tarantool/shortUrlRepo.go:68.2,68.42 1 0
github.com/MollenAR/internOzonFintech/internal/shortUrl/repository/tarantool/shortUrlRepo.go:57.16,61.3 1 0
github.com/MollenAR/internOzonFintech/internal/shortUrl/repository/tarantool/shortUrlRepo.go:63.25,66.3 1 0
github.com/MollenAR/internOzonFintech/cmd/server/server.go:21.51,27.23 4 0
github.com/MollenAR/internOzonFintech/cmd/server/server.go:37.2,47.24 7 0
github.com/MollenAR/internOzonFintech/cmd/server/server.go:28.29,29.70 1 0
github.com/MollenAR/internOzonFintech/cmd/server/server.go:31.16,32.57 1 0
github.com/MollenAR/internOzonFintech/cmd/server/server.go:33.10,34.37 1 0
github.com/MollenAR/internOzonFintech/internal/middleware/addId/addId.go:8.52,9.36 1 0
github.com/MollenAR/internOzonFintech/internal/middleware/addId/addId.go:9.36,12.3 2 0
github.com/MollenAR/internOzonFintech/internal/middleware/errorHandler/errHandler.go:15.46,18.9 2 0
github.com/MollenAR/internOzonFintech/internal/middleware/errorHandler/errHandler.go:42.2,44.20 3 0
github.com/MollenAR/internOzonFintech/internal/middleware/errorHandler/errHandler.go:19.54,21.34 2 0
github.com/MollenAR/internOzonFintech/internal/middleware/errorHandler/errHandler.go:23.51,25.51 2 0
github.com/MollenAR/internOzonFintech/internal/middleware/errorHandler/errHandler.go:27.57,29.51 2 0
github.com/MollenAR/internOzonFintech/internal/middleware/errorHandler/errHandler.go:31.54,33.40 2 0
github.com/MollenAR/internOzonFintech/internal/middleware/errorHandler/errHandler.go:35.10,37.51 2 0
github.com/MollenAR/internOzonFintech/internal/middleware/errorHandler/errHandler.go:44.20,46.3 1 0
github.com/MollenAR/internOzonFintech/internal/shortUrl/repository/postgreSQL/shortUrlRepo.go:20.56,24.2 1 0
github.com/MollenAR/internOzonFintech/internal/shortUrl/repository/postgreSQL/shortUrlRepo.go:26.109,31.39 4 0
github.com/MollenAR/internOzonFintech/internal/shortUrl/repository/postgreSQL/shortUrlRepo.go:37.2,37.20 1 0
github.com/MollenAR/internOzonFintech/internal/shortUrl/repository/postgreSQL/shortUrlRepo.go:41.2,42.16 2 0
github.com/MollenAR/internOzonFintech/internal/shortUrl/repository/postgreSQL/shortUrlRepo.go:48.2,51.16 3 0
github.com/MollenAR/internOzonFintech/internal/shortUrl/repository/postgreSQL/shortUrlRepo.go:57.2,57.22 1 0
github.com/MollenAR/internOzonFintech/internal/shortUrl/repository/postgreSQL/shortUrlRepo.go:31.39,35.3 1 0
github.com/MollenAR/internOzonFintech/internal/shortUrl/repository/postgreSQL/shortUrlRepo.go:37.20,39.3 1 0
github.com/MollenAR/internOzonFintech/internal/shortUrl/repository/postgreSQL/shortUrlRepo.go:42.16,46.3 1 0
github.com/MollenAR/internOzonFintech/internal/shortUrl/repository/postgreSQL/shortUrlRepo.go:51.16,55.3 1 0
github.com/MollenAR/internOzonFintech/internal/shortUrl/repository/postgreSQL/shortUrlRepo.go:60.105,65.16 4 0
github.com/MollenAR/internOzonFintech/internal/shortUrl/repository/postgreSQL/shortUrlRepo.go:71.2,71.25 1 0
github.com/MollenAR/internOzonFintech/internal/shortUrl/repository/postgreSQL/shortUrlRepo.go:65.16,69.3 1 0
github.com/MollenAR/internOzonFintech/cmd/server/server.go:21.51,27.23 4 0
github.com/MollenAR/internOzonFintech/cmd/server/server.go:37.2,47.24 7 0
github.com/MollenAR/internOzonFintech/cmd/server/server.go:28.29,29.70 1 0
github.com/MollenAR/internOzonFintech/cmd/server/server.go:31.16,32.57 1 0
github.com/MollenAR/internOzonFintech/cmd/server/server.go:33.10,34.37 1 0
github.com/MollenAR/internOzonFintech/cmd/main.go:14.13,16.16 2 0
github.com/MollenAR/internOzonFintech/cmd/main.go:20.2,22.9 2 0
github.com/MollenAR/internOzonFintech/cmd/main.go:56.2,56.74 1 0
github.com/MollenAR/internOzonFintech/cmd/main.go:16.16,18.3 1 0
github.com/MollenAR/internOzonFintech/cmd/main.go:23.37,25.17 2 0
github.com/MollenAR/internOzonFintech/cmd/main.go:29.3,31.17 3 0
github.com/MollenAR/internOzonFintech/cmd/main.go:35.3,36.17 2 0
github.com/MollenAR/internOzonFintech/cmd/main.go:40.10,42.17 2 0
github.com/MollenAR/internOzonFintech/cmd/main.go:46.3,47.17 2 0
github.com/MollenAR/internOzonFintech/cmd/main.go:50.3,51.17 2 0
github.com/MollenAR/internOzonFintech/cmd/main.go:25.17,27.4 1 0
github.com/MollenAR/internOzonFintech/cmd/main.go:31.17,33.4 1 0
github.com/MollenAR/internOzonFintech/cmd/main.go:36.17,38.4 1 0
github.com/MollenAR/internOzonFintech/cmd/main.go:42.17,44.4 1 0
github.com/MollenAR/internOzonFintech/cmd/main.go:47.17,49.4 1 0
github.com/MollenAR/internOzonFintech/cmd/main.go:51.17,53.4 1 0
github.com/MollenAR/internOzonFintech/cmd/main.go:56.74,58.3 1 0
github.com/MollenAR/internOzonFintech/internal/tools/errorTypes/errorTypes.go:11.41,13.2 1 0
github.com/MollenAR/internOzonFintech/internal/tools/errorTypes/errorTypes.go:21.44,23.2 1 0
github.com/MollenAR/internOzonFintech/internal/tools/errorTypes/errorTypes.go:31.41,33.2 1 0
github.com/MollenAR/internOzonFintech/internal/tools/errorTypes/errorTypes.go:41.38,43.2 1 0
github.com/MollenAR/internOzonFintech/configs/config.go:10.39,16.16 5 0
github.com/MollenAR/internOzonFintech/configs/config.go:20.2,26.118 6 0
github.com/MollenAR/internOzonFintech/configs/config.go:16.16,18.3 1 0
github.com/MollenAR/internOzonFintech/configs/config.go:29.43,38.16 7 0
github.com/MollenAR/internOzonFintech/configs/config.go:42.2,43.9 2 0
github.com/MollenAR/internOzonFintech/configs/config.go:50.2,51.43 2 0
github.com/MollenAR/internOzonFintech/configs/config.go:38.16,40.3 1 0
github.com/MollenAR/internOzonFintech/configs/config.go:44.30,45.50 1 0
github.com/MollenAR/internOzonFintech/configs/config.go:46.10,47.45 1 0
github.com/MollenAR/internOzonFintech/configs/config.go:54.56,60.16 5 0
github.com/MollenAR/internOzonFintech/configs/config.go:64.2,67.30 4 0
github.com/MollenAR/internOzonFintech/configs/config.go:60.16,62.3 1 0
github.com/MollenAR/internOzonFintech/internal/tools/validation/validation.go:13.52,15.16 2 0
github.com/MollenAR/internOzonFintech/internal/tools/validation/validation.go:19.2,19.12 1 0
github.com/MollenAR/internOzonFintech/internal/tools/validation/validation.go:15.16,17.3 1 0
github.com/MollenAR/internOzonFintech/internal/tools/validation/validation.go:22.47,24.16 2 0
github.com/MollenAR/internOzonFintech/internal/tools/validation/validation.go:28.2,28.12 1 0
github.com/MollenAR/internOzonFintech/internal/tools/validation/validation.go:24.16,26.3 1 0
github.com/MollenAR/internOzonFintech/internal/shortUrl/handler/shortUrlHandler.go:16.78,20.2 1 0
github.com/MollenAR/internOzonFintech/internal/shortUrl/handler/shortUrlHandler.go:22.76,25.16 3 0
github.com/MollenAR/internOzonFintech/internal/shortUrl/handler/shortUrlHandler.go:31.2,32.16 2 0
github.com/MollenAR/internOzonFintech/internal/shortUrl/handler/shortUrlHandler.go:38.2,41.16 3 0
github.com/MollenAR/internOzonFintech/internal/shortUrl/handler/shortUrlHandler.go:45.2,45.40 1 0
github.com/MollenAR/internOzonFintech/internal/shortUrl/handler/shortUrlHandler.go:25.16,29.3 1 0
github.com/MollenAR/internOzonFintech/internal/shortUrl/handler/shortUrlHandler.go:32.16,36.3 1 0
github.com/MollenAR/internOzonFintech/internal/shortUrl/handler/shortUrlHandler.go:41.16,43.3 1 0
github.com/MollenAR/internOzonFintech/internal/shortUrl/handler/shortUrlHandler.go:48.75,52.16 3 0
github.com/MollenAR/internOzonFintech/internal/shortUrl/handler/shortUrlHandler.go:58.2,61.16 3 0
github.com/MollenAR/internOzonFintech/internal/shortUrl/handler/shortUrlHandler.go:65.2,65.40 1 0
github.com/MollenAR/internOzonFintech/internal/shortUrl/handler/shortUrlHandler.go:52.16,56.3 1 0
github.com/MollenAR/internOzonFintech/internal/shortUrl/handler/shortUrlHandler.go:61.16,63.3 1 0
github.com/MollenAR/internOzonFintech/internal/shortUrl/repository/tarantool/shortUrlRepo.go:19.85,23.2 1 0
github.com/MollenAR/internOzonFintech/internal/shortUrl/repository/tarantool/shortUrlRepo.go:25.113,27.16 2 0
github.com/MollenAR/internOzonFintech/internal/shortUrl/repository/tarantool/shortUrlRepo.go:33.2,33.25 1 0
github.com/MollenAR/internOzonFintech/internal/shortUrl/repository/tarantool/shortUrlRepo.go:37.2,38.16 2 0
github.com/MollenAR/internOzonFintech/internal/shortUrl/repository/tarantool/shortUrlRepo.go:44.2,45.16 2 0
github.com/MollenAR/internOzonFintech/internal/shortUrl/repository/tarantool/shortUrlRepo.go:50.2,52.22 2 0
github.com/MollenAR/internOzonFintech/internal/shortUrl/repository/tarantool/shortUrlRepo.go:27.16,31.3 1 0
github.com/MollenAR/internOzonFintech/internal/shortUrl/repository/tarantool/shortUrlRepo.go:33.25,35.3 1 0
github.com/MollenAR/internOzonFintech/internal/shortUrl/repository/tarantool/shortUrlRepo.go:38.16,42.3 1 0
github.com/MollenAR/internOzonFintech/internal/shortUrl/repository/tarantool/shortUrlRepo.go:45.16,49.3 1 0
github.com/MollenAR/internOzonFintech/internal/shortUrl/repository/tarantool/shortUrlRepo.go:55.109,57.16 2 0
github.com/MollenAR/internOzonFintech/internal/shortUrl/repository/tarantool/shortUrlRepo.go:63.2,63.25 1 0
github.com/MollenAR/internOzonFintech/internal/shortUrl/repository/tarantool/shortUrlRepo.go:68.2,68.42 1 0
github.com/MollenAR/internOzonFintech/internal/shortUrl/repository/tarantool/shortUrlRepo.go:57.16,61.3 1 0
github.com/MollenAR/internOzonFintech/internal/shortUrl/repository/tarantool/shortUrlRepo.go:63.25,66.3 1 0
github.com/MollenAR/internOzonFintech/internal/shortUrl/usecase/shortUrlUsecase.go:14.83,18.2 1 1
github.com/MollenAR/internOzonFintech/internal/shortUrl/usecase/shortUrlUsecase.go:20.134,22.16 2 1
github.com/MollenAR/internOzonFintech/internal/shortUrl/usecase/shortUrlUsecase.go:26.2,31.22 2 1
github.com/MollenAR/internOzonFintech/internal/shortUrl/usecase/shortUrlUsecase.go:22.16,24.3 1 1
github.com/MollenAR/internOzonFintech/internal/shortUrl/usecase/shortUrlUsecase.go:34.129,36.16 2 0
github.com/MollenAR/internOzonFintech/internal/shortUrl/usecase/shortUrlUsecase.go:40.2,45.22 2 0
github.com/MollenAR/internOzonFintech/internal/shortUrl/usecase/shortUrlUsecase.go:36.16,38.3 1 0
github.com/MollenAR/internOzonFintech/cmd/server/server.go:21.51,27.23 4 0
github.com/MollenAR/internOzonFintech/cmd/server/server.go:37.2,47.24 7 0
github.com/MollenAR/internOzonFintech/cmd/server/server.go:28.29,29.70 1 0
github.com/MollenAR/internOzonFintech/cmd/server/server.go:31.16,32.57 1 0
github.com/MollenAR/internOzonFintech/cmd/server/server.go:33.10,34.37 1 0
github.com/MollenAR/internOzonFintech/internal/shortUrl/handler/shortUrlHandler.go:16.78,20.2 1 1
github.com/MollenAR/internOzonFintech/internal/shortUrl/handler/shortUrlHandler.go:22.76,25.16 3 1
github.com/MollenAR/internOzonFintech/internal/shortUrl/handler/shortUrlHandler.go:31.2,32.16 2 1
github.com/MollenAR/internOzonFintech/internal/shortUrl/handler/shortUrlHandler.go:38.2,41.16 3 1
github.com/MollenAR/internOzonFintech/internal/shortUrl/handler/shortUrlHandler.go:45.2,45.40 1 1
github.com/MollenAR/internOzonFintech/internal/shortUrl/handler/shortUrlHandler.go:25.16,29.3 1 0
github.com/MollenAR/internOzonFintech/internal/shortUrl/handler/shortUrlHandler.go:32.16,36.3 1 1
github.com/MollenAR/internOzonFintech/internal/shortUrl/handler/shortUrlHandler.go:41.16,43.3 1 0
github.com/MollenAR/internOzonFintech/internal/shortUrl/handler/shortUrlHandler.go:48.75,52.16 3 1
github.com/MollenAR/internOzonFintech/internal/shortUrl/handler/shortUrlHandler.go:58.2,61.16 3 1
github.com/MollenAR/internOzonFintech/internal/shortUrl/handler/shortUrlHandler.go:65.2,65.40 1 1
github.com/MollenAR/internOzonFintech/internal/shortUrl/handler/shortUrlHandler.go:52.16,56.3 1 1
github.com/MollenAR/internOzonFintech/internal/shortUrl/handler/shortUrlHandler.go:61.16,63.3 1 0
github.com/MollenAR/internOzonFintech/internal/tools/errorTypes/errorTypes.go:11.41,13.2 1 0
github.com/MollenAR/internOzonFintech/internal/tools/errorTypes/errorTypes.go:21.44,23.2 1 0
github.com/MollenAR/internOzonFintech/internal/tools/errorTypes/errorTypes.go:31.41,33.2 1 0
github.com/MollenAR/internOzonFintech/internal/tools/errorTypes/errorTypes.go:41.38,43.2 1 0
github.com/MollenAR/internOzonFintech/internal/middleware/errorHandler/errHandler.go:15.46,18.9 2 0
github.com/MollenAR/internOzonFintech/internal/middleware/errorHandler/errHandler.go:42.2,44.20 3 0
github.com/MollenAR/internOzonFintech/internal/middleware/errorHandler/errHandler.go:19.54,21.34 2 0
github.com/MollenAR/internOzonFintech/internal/middleware/errorHandler/errHandler.go:23.51,25.51 2 0
github.com/MollenAR/internOzonFintech/internal/middleware/errorHandler/errHandler.go:27.57,29.51 2 0
github.com/MollenAR/internOzonFintech/internal/middleware/errorHandler/errHandler.go:31.54,33.40 2 0
github.com/MollenAR/internOzonFintech/internal/middleware/errorHandler/errHandler.go:35.10,37.51 2 0
github.com/MollenAR/internOzonFintech/internal/middleware/errorHandler/errHandler.go:44.20,46.3 1 0
github.com/MollenAR/internOzonFintech/internal/shortUrl/repository/postgreSQL/shortUrlRepo.go:20.56,24.2 1 0
github.com/MollenAR/internOzonFintech/internal/shortUrl/repository/postgreSQL/shortUrlRepo.go:26.109,31.39 4 0
github.com/MollenAR/internOzonFintech/internal/shortUrl/repository/postgreSQL/shortUrlRepo.go:37.2,37.20 1 0
github.com/MollenAR/internOzonFintech/internal/shortUrl/repository/postgreSQL/shortUrlRepo.go:41.2,42.16 2 0
github.com/MollenAR/internOzonFintech/internal/shortUrl/repository/postgreSQL/shortUrlRepo.go:48.2,51.16 3 0
github.com/MollenAR/internOzonFintech/internal/shortUrl/repository/postgreSQL/shortUrlRepo.go:57.2,57.22 1 0
github.com/MollenAR/internOzonFintech/internal/shortUrl/repository/postgreSQL/shortUrlRepo.go:31.39,35.3 1 0
github.com/MollenAR/internOzonFintech/internal/shortUrl/repository/postgreSQL/shortUrlRepo.go:37.20,39.3 1 0
github.com/MollenAR/internOzonFintech/internal/shortUrl/repository/postgreSQL/shortUrlRepo.go:42.16,46.3 1 0
github.com/MollenAR/internOzonFintech/internal/shortUrl/repository/postgreSQL/shortUrlRepo.go:51.16,55.3 1 0
github.com/MollenAR/internOzonFintech/internal/shortUrl/repository/postgreSQL/shortUrlRepo.go:60.105,65.16 4 0
github.com/MollenAR/internOzonFintech/internal/shortUrl/repository/postgreSQL/shortUrlRepo.go:71.2,71.25 1 0
github.com/MollenAR/internOzonFintech/internal/shortUrl/repository/postgreSQL/shortUrlRepo.go:65.16,69.3 1 0
github.com/MollenAR/internOzonFintech/internal/shortUrl/repository/tarantool/shortUrlRepo.go:19.85,23.2 1 0
github.com/MollenAR/internOzonFintech/internal/shortUrl/repository/tarantool/shortUrlRepo.go:25.113,27.16 2 0
github.com/MollenAR/internOzonFintech/internal/shortUrl/repository/tarantool/shortUrlRepo.go:33.2,33.25 1 0
github.com/MollenAR/internOzonFintech/internal/shortUrl/repository/tarantool/shortUrlRepo.go:37.2,38.16 2 0
github.com/MollenAR/internOzonFintech/internal/shortUrl/repository/tarantool/shortUrlRepo.go:44.2,45.16 2 0
github.com/MollenAR/internOzonFintech/internal/shortUrl/repository/tarantool/shortUrlRepo.go:50.2,52.22 2 0
github.com/MollenAR/internOzonFintech/internal/shortUrl/repository/tarantool/shortUrlRepo.go:27.16,31.3 1 0
github.com/MollenAR/internOzonFintech/internal/shortUrl/repository/tarantool/shortUrlRepo.go:33.25,35.3 1 0
github.com/MollenAR/internOzonFintech/internal/shortUrl/repository/tarantool/shortUrlRepo.go:38.16,42.3 1 0
github.com/MollenAR/internOzonFintech/internal/shortUrl/repository/tarantool/shortUrlRepo.go:45.16,49.3 1 0
github.com/MollenAR/internOzonFintech/internal/shortUrl/repository/tarantool/shortUrlRepo.go:55.109,57.16 2 0
github.com/MollenAR/internOzonFintech/internal/shortUrl/repository/tarantool/shortUrlRepo.go:63.2,63.25 1 0
github.com/MollenAR/internOzonFintech/internal/shortUrl/repository/tarantool/shortUrlRepo.go:68.2,68.42 1 0
github.com/MollenAR/internOzonFintech/internal/shortUrl/repository/tarantool/shortUrlRepo.go:57.16,61.3 1 0
github.com/MollenAR/internOzonFintech/internal/shortUrl/repository/tarantool/shortUrlRepo.go:63.25,66.3 1 0
github.com/MollenAR/internOzonFintech/cmd/main.go:14.13,16.16 2 0
github.com/MollenAR/internOzonFintech/cmd/main.go:20.2,22.9 2 0
github.com/MollenAR/internOzonFintech/cmd/main.go:56.2,56.74 1 0
github.com/MollenAR/internOzonFintech/cmd/main.go:16.16,18.3 1 0
github.com/MollenAR/internOzonFintech/cmd/main.go:23.37,25.17 2 0
github.com/MollenAR/internOzonFintech/cmd/main.go:29.3,31.17 3 0
github.com/MollenAR/internOzonFintech/cmd/main.go:35.3,36.17 2 0
github.com/MollenAR/internOzonFintech/cmd/main.go:40.10,42.17 2 0
github.com/MollenAR/internOzonFintech/cmd/main.go:46.3,47.17 2 0
github.com/MollenAR/internOzonFintech/cmd/main.go:50.3,51.17 2 0
github.com/MollenAR/internOzonFintech/cmd/main.go:25.17,27.4 1 0
github.com/MollenAR/internOzonFintech/cmd/main.go:31.17,33.4 1 0
github.com/MollenAR/internOzonFintech/cmd/main.go:36.17,38.4 1 0
github.com/MollenAR/internOzonFintech/cmd/main.go:42.17,44.4 1 0
github.com/MollenAR/internOzonFintech/cmd/main.go:47.17,49.4 1 0
github.com/MollenAR/internOzonFintech/cmd/main.go:51.17,53.4 1 0
github.com/MollenAR/internOzonFintech/cmd/main.go:56.74,58.3 1 0
github.com/MollenAR/internOzonFintech/internal/middleware/addId/addId.go:8.52,9.36 1 0
github.com/MollenAR/internOzonFintech/internal/middleware/addId/addId.go:9.36,12.3 2 0
github.com/MollenAR/internOzonFintech/internal/tools/validation/validation.go:13.52,15.16 2 1
github.com/MollenAR/internOzonFintech/internal/tools/validation/validation.go:19.2,19.12 1 1
github.com/MollenAR/internOzonFintech/internal/tools/validation/validation.go:15.16,17.3 1 1
github.com/MollenAR/internOzonFintech/internal/tools/validation/validation.go:22.47,24.16 2 1
github.com/MollenAR/internOzonFintech/internal/tools/validation/validation.go:28.2,28.12 1 1
github.com/MollenAR/internOzonFintech/internal/tools/validation/validation.go:24.16,26.3 1 1
github.com/MollenAR/internOzonFintech/internal/shortUrl/usecase/shortUrlUsecase.go:14.83,18.2 1 0
github.com/MollenAR/internOzonFintech/internal/shortUrl/usecase/shortUrlUsecase.go:20.134,22.16 2 0
github.com/MollenAR/internOzonFintech/internal/shortUrl/usecase/shortUrlUsecase.go:26.2,31.22 2 0
github.com/MollenAR/internOzonFintech/internal/shortUrl/usecase/shortUrlUsecase.go:22.16,24.3 1 0
github.com/MollenAR/internOzonFintech/internal/shortUrl/usecase/shortUrlUsecase.go:34.129,36.16 2 0
github.com/MollenAR/internOzonFintech/internal/shortUrl/usecase/shortUrlUsecase.go:40.2,45.22 2 0
github.com/MollenAR/internOzonFintech/internal/shortUrl/usecase/shortUrlUsecase.go:36.16,38.3 1 0
github.com/MollenAR/internOzonFintech/configs/config.go:10.39,16.16 5 0
github.com/MollenAR/internOzonFintech/configs/config.go:20.2,26.118 6 0
github.com/MollenAR/internOzonFintech/configs/config.go:16.16,18.3 1 0
github.com/MollenAR/internOzonFintech/configs/config.go:29.43,38.16 7 0
github.com/MollenAR/internOzonFintech/configs/config.go:42.2,43.9 2 0
github.com/MollenAR/internOzonFintech/configs/config.go:50.2,51.43 2 0
github.com/MollenAR/internOzonFintech/configs/config.go:38.16,40.3 1 0
github.com/MollenAR/internOzonFintech/configs/config.go:44.30,45.50 1 0
github.com/MollenAR/internOzonFintech/configs/config.go:46.10,47.45 1 0
github.com/MollenAR/internOzonFintech/configs/config.go:54.56,60.16 5 0
github.com/MollenAR/internOzonFintech/configs/config.go:64.2,67.30 4 0
github.com/MollenAR/internOzonFintech/configs/config.go:60.16,62.3 1 0
